<?xml version="1.0" encoding="UTF-8"?>
<testsuite xmlns:xsi="http://www.w3.org/2001/XMLSchema-instance" xsi:noNamespaceSchemaLocation="https://maven.apache.org/surefire/maven-surefire-plugin/xsd/surefire-test-report.xsd" version="3.0.2" name="com.mingle.mapper.MapperTests" time="2.525" tests="1" errors="0" skipped="0" failures="0">
  <properties>
[...]
</properties>
  <testcase name="dashboardStatsTest" classname="com.mingle.mapper.MapperTests" time="0.277">
    <system-out><![CDATA[INFO : org.springframework.test.context.support.DefaultTestContextBootstrapper - Loaded default TestExecutionListener class names from location [META-INF/spring.factories]: [org.springframework.test.context.web.ServletTestExecutionListener, org.springframework.test.context.support.DirtiesContextBeforeModesTestExecutionListener, org.springframework.test.context.support.DependencyInjectionTestExecutionListener, org.springframework.test.context.support.DirtiesContextTestExecutionListener, org.springframework.test.context.transaction.TransactionalTestExecutionListener, org.springframework.test.context.jdbc.SqlScriptsTestExecutionListener]
INFO : org.springframework.test.context.support.DefaultTestContextBootstrapper - Using TestExecutionListeners: [org.springframework.test.context.web.ServletTestExecutionListener@74ea2410, org.springframework.test.context.support.DirtiesContextBeforeModesTestExecutionListener@17f62e33, org.springframework.test.context.support.DependencyInjectionTestExecutionListener@76b1e9b8, org.springframework.test.context.support.DirtiesContextTestExecutionListener@27406a17, org.springframework.test.context.transaction.TransactionalTestExecutionListener@2af004b, org.springframework.test.context.jdbc.SqlScriptsTestExecutionListener@248e319b]
INFO : org.springframework.beans.factory.xml.XmlBeanDefinitionReader - Loading XML bean definitions from URL [file:src/main/webapp/WEB-INF/spring/test-context.xml]
INFO : org.springframework.context.support.GenericApplicationContext - Refreshing org.springframework.context.support.GenericApplicationContext@17fc391b: startup date [Mon Sep 21 17:43:31 KST 2026]; root of context hierarchy
INFO : org.springframework.beans.factory.annotation.AutowiredAnnotationBeanPostProcessor - JSR-330 'javax.inject.Inject' annotation found and supported for autowiring
INFO : com.zaxxer.hikari.HikariDataSource - HikariPool-1 - Starting...
INFO : jdbc.connection - 1. Connection opened
INFO : jdbc.audit - 1. Connection.new Connection returned 
INFO : com.zaxxer.hikari.pool.PoolBase - HikariPool-1 - Driver does not support get/set network timeout for connections. (Receiver class oracle.jdbc.driver.T4CConnection does not define or inherit an implementation of the resolved method abstract getNetworkTimeout()I of interface java.sql.Connection.)
INFO : jdbc.audit - 1. Connection.setReadOnly(false) returned 
INFO : jdbc.audit - 1. Connection.setAutoCommit(true) returned 
INFO : jdbc.audit - 1. Connection.isValid(1) returned true
INFO : jdbc.audit - 1. Connection.getTransactionIsolation() returned 2
INFO : com.zaxxer.hikari.HikariDataSource - HikariPool-1 - Start completed.
INFO : jdbc.connection - 2. Connection opened
INFO : jdbc.audit - 2. Connection.new Connection returned 
INFO : jdbc.audit - 2. Connection.setReadOnly(false) returned 
INFO : jdbc.audit - 2. Connection.setAutoCommit(true) returned 
INFO : jdbc.connection - 3. Connection opened
INFO : jdbc.audit - 3. Connection.new Connection returned 
INFO : jdbc.audit - 3. Connection.setReadOnly(false) returned 
INFO : jdbc.audit - 3. Connection.setAutoCommit(true) returned 
INFO : jdbc.connection - 4. Connection opened
INFO : jdbc.audit - 4. Connection.new Connection returned 
INFO : jdbc.audit - 4. Connection.setReadOnly(false) returned 
INFO : jdbc.audit - 4. Connection.setAutoCommit(true) returned 
INFO : jdbc.connection - 5. Connection opened
INFO : jdbc.audit - 5. Connection.new Connection returned 
INFO : jdbc.audit - 5. Connection.setReadOnly(false) returned 
INFO : jdbc.audit - 5. Connection.setAutoCommit(true) returned 
INFO : jdbc.connection - 6. Connection opened
INFO : jdbc.audit - 6. Connection.new Connection returned 
INFO : jdbc.audit - 6. Connection.setReadOnly(false) returned 
INFO : jdbc.audit - 6. Connection.setAutoCommit(true) returned 
INFO : jdbc.connection - 7. Connection opened
INFO : jdbc.audit - 7. Connection.new Connection returned 
INFO : jdbc.audit - 7. Connection.setReadOnly(false) returned 
INFO : jdbc.audit - 7. Connection.setAutoCommit(true) returned 
INFO : jdbc.connection - 8. Connection opened
INFO : jdbc.audit - 8. Connection.new Connection returned 
INFO : jdbc.audit - 8. Connection.setReadOnly(false) returned 
INFO : jdbc.audit - 8. Connection.setAutoCommit(true) returned 
INFO : jdbc.audit - 1. Connection.setReadOnly(true) returned 
INFO : jdbc.audit - 1. Connection.getAutoCommit() returned true
INFO : jdbc.audit - 1. Connection.setAutoCommit(false) returned 
INFO : org.springframework.test.context.transaction.TransactionContext - Began transaction (1) for test context [DefaultTestContext@987455b testClass = MapperTests, testInstance = com.mingle.mapper.MapperTests@622fdb81, testMethod = dashboardStatsTest@MapperTests, testException = [null], mergedContextConfiguration = [MergedContextConfiguration@1f3165e7 testClass = MapperTests, locations = '{file:src/main/webapp/WEB-INF/spring/test-context.xml}', classes = '{}', contextInitializerClasses = '[]', activeProfiles = '{}', propertySourceLocations = '{}', propertySourceProperties = '{}', contextCustomizers = set[[empty]], contextLoader = 'org.springframework.test.context.support.DelegatingSmartContextLoader', parent = [null]], attributes = map[[empty]]]; transaction manager [org.springframework.jdbc.datasource.DataSourceTransactionManager@2ec3633f]; rollback [true]
INFO : jdbc.audit - 1. Connection.getAutoCommit() returned false
INFO : jdbc.connection - 9. Connection opened
INFO : jdbc.audit - 9. Connection.new Connection returned 
INFO : jdbc.audit - 9. Connection.setReadOnly(false) returned 
INFO : jdbc.audit - 9. Connection.setAutoCommit(true) returned 
INFO : jdbc.connection - 10. Connection opened
INFO : jdbc.audit - 10. Connection.new Connection returned 
INFO : jdbc.audit - 10. Connection.setReadOnly(false) returned 
INFO : jdbc.audit - 10. Connection.setAutoCommit(true) returned 
INFO : jdbc.audit - 1. PreparedStatement.new PreparedStatement returned 
INFO : jdbc.audit - 1. Connection.prepareStatement(SELECT
            (SELECT COUNT(*)
             FROM mingle_users
             WHERE created_at >= TRUNC(SYSDATE)) AS newUsersToday,

            (SELECT COUNT(*)
             FROM mingle_support_tickets
             WHERE status = 'PENDING') AS pendingTickets,

            (SELECT COUNT(*)
             FROM mingle_reports
             WHERE status = 'PENDING') AS pendingReports,

            (SELECT NVL(SUM(amount), 0)
             FROM mingle_payments
             WHERE status = 'PAID'
               AND paid_at >= TRUNC(SYSDATE)) AS todaySalesAmount,

            (SELECT COUNT(*)
             FROM mingle_payments
             WHERE status = 'PAID'
               AND paid_at >= TRUNC(SYSDATE)) AS todayPaymentCount,

            (SELECT NVL(SUM(amount), 0)
             FROM mingle_payments
             WHERE status = 'PAID'
               AND paid_at >= TRUNC(SYSDATE, 'MM')) AS monthSalesAmount,

            (SELECT COUNT(*)
             FROM mingle_payments
             WHERE status = 'PAID'
               AND paid_at >= TRUNC(SYSDATE, 'MM')) AS monthPaymentCount
        FROM dual) returned net.sf.log4jdbc.sql.jdbcapi.PreparedStatementSpy@5624657a
INFO : jdbc.sqlonly - SELECT (SELECT COUNT(*) FROM mingle_users WHERE created_at >= TRUNC(SYSDATE)) AS newUsersToday, 
(SELECT COUNT(*) FROM mingle_support_tickets WHERE status = 'PENDING') AS pendingTickets, (SELECT 
COUNT(*) FROM mingle_reports WHERE status = 'PENDING') AS pendingReports, (SELECT NVL(SUM(amount), 
0) FROM mingle_payments WHERE status = 'PAID' AND paid_at >= TRUNC(SYSDATE)) AS todaySalesAmount, 
(SELECT COUNT(*) FROM mingle_payments WHERE status = 'PAID' AND paid_at >= TRUNC(SYSDATE)) 
AS todayPaymentCount, (SELECT NVL(SUM(amount), 0) FROM mingle_payments WHERE status = 'PAID' 
AND paid_at >= TRUNC(SYSDATE, 'MM')) AS monthSalesAmount, (SELECT COUNT(*) FROM mingle_payments 
WHERE status = 'PAID' AND paid_at >= TRUNC(SYSDATE, 'MM')) AS monthPaymentCount FROM dual 

INFO : jdbc.sqltiming - SELECT (SELECT COUNT(*) FROM mingle_users WHERE created_at >= TRUNC(SYSDATE)) AS newUsersToday, 
(SELECT COUNT(*) FROM mingle_support_tickets WHERE status = 'PENDING') AS pendingTickets, (SELECT 
COUNT(*) FROM mingle_reports WHERE status = 'PENDING') AS pendingReports, (SELECT NVL(SUM(amount), 
0) FROM mingle_payments WHERE status = 'PAID' AND paid_at >= TRUNC(SYSDATE)) AS todaySalesAmount, 
(SELECT COUNT(*) FROM mingle_payments WHERE status = 'PAID' AND paid_at >= TRUNC(SYSDATE)) 
AS todayPaymentCount, (SELECT NVL(SUM(amount), 0) FROM mingle_payments WHERE status = 'PAID' 
AND paid_at >= TRUNC(SYSDATE, 'MM')) AS monthSalesAmount, (SELECT COUNT(*) FROM mingle_payments 
WHERE status = 'PAID' AND paid_at >= TRUNC(SYSDATE, 'MM')) AS monthPaymentCount FROM dual 
 {executed in 11 msec}
INFO : jdbc.audit - 1. PreparedStatement.execute() returned true
INFO : jdbc.resultset - 1. ResultSet.new ResultSet returned 
INFO : jdbc.audit - 1. PreparedStatement.getResultSet() returned net.sf.log4jdbc.sql.jdbcapi.ResultSetSpy@43af351a
INFO : jdbc.resultset - 1. ResultSet.getMetaData() returned oracle.jdbc.driver.OracleResultSetMetaData@698fee9a
INFO : jdbc.resultset - 1. ResultSet.getType() returned 1003
INFO : jdbc.resultset - 1. ResultSet.next() returned true
INFO : jdbc.resultset - 1. ResultSet.getLong(NEWUSERSTODAY) returned 4
INFO : jdbc.resultset - 1. ResultSet.wasNull() returned false
INFO : jdbc.resultset - 1. ResultSet.getLong(PENDINGTICKETS) returned 1
INFO : jdbc.resultset - 1. ResultSet.wasNull() returned false
INFO : jdbc.resultset - 1. ResultSet.getLong(PENDINGREPORTS) returned 4
INFO : jdbc.resultset - 1. ResultSet.wasNull() returned false
INFO : jdbc.resultset - 1. ResultSet.getLong(TODAYSALESAMOUNT) returned 79600
INFO : jdbc.resultset - 1. ResultSet.wasNull() returned false
INFO : jdbc.resultset - 1. ResultSet.getLong(TODAYPAYMENTCOUNT) returned 6
INFO : jdbc.resultset - 1. ResultSet.wasNull() returned false
INFO : jdbc.resultset - 1. ResultSet.getLong(MONTHSALESAMOUNT) returned 119400
INFO : jdbc.resultset - 1. ResultSet.wasNull() returned false
INFO : jdbc.resultset - 1. ResultSet.getLong(MONTHPAYMENTCOUNT) returned 8
INFO : jdbc.resultset - 1. ResultSet.wasNull() returned false
INFO : jdbc.resultsettable - 
|--------------|---------------|---------------|-----------------|------------------|-----------------|------------------|
|newuserstoday |pendingtickets |pendingreports |todaysalesamount |todaypaymentcount |monthsalesamount |monthpaymentcount |
|--------------|---------------|---------------|-----------------|------------------|-----------------|------------------|
|4             |1              |4              |79600            |6                 |119400           |8                 |
|--------------|---------------|---------------|-----------------|------------------|-----------------|------------------|

INFO : jdbc.resultset - 1. ResultSet.next() returned false
INFO : jdbc.resultset - 1. ResultSet.close() returned void
INFO : jdbc.audit - 1. Connection.getMetaData() returned oracle.jdbc.driver.OracleDatabaseMetaData@44f24a20
INFO : jdbc.audit - 1. PreparedStatement.isClosed() returned false
INFO : jdbc.audit - 1. PreparedStatement.close() returned 
INFO : com.mingle.mapper.MapperTests - dashboard stats => DashboardStatsResponse(newUsersToday=4, pendingTickets=1, pendingReports=4, todaySalesAmount=79600, todayPaymentCount=6, monthSalesAmount=119400, monthPaymentCount=8)
INFO : jdbc.audit - 1. Connection.rollback() returned 
INFO : jdbc.audit - 1. Connection.setAutoCommit(true) returned 
INFO : jdbc.audit - 1. Connection.isReadOnly() returned true
INFO : jdbc.audit - 1. Connection.setReadOnly(false) returned 
INFO : jdbc.audit - 1. Connection.clearWarnings() returned 
INFO : org.springframework.test.context.transaction.TransactionContext - Rolled back transaction for test: [DefaultTestContext@987455b testClass = MapperTests, testInstance = com.mingle.mapper.MapperTests@622fdb81, testMethod = dashboardStatsTest@MapperTests, testException = [null], mergedContextConfiguration = [MergedContextConfiguration@1f3165e7 testClass = MapperTests, locations = '{file:src/main/webapp/WEB-INF/spring/test-context.xml}', classes = '{}', contextInitializerClasses = '[]', activeProfiles = '{}', propertySourceLocations = '{}', propertySourceProperties = '{}', contextCustomizers = set[[empty]], contextLoader = 'org.springframework.test.context.support.DelegatingSmartContextLoader', parent = [null]], attributes = map[[empty]]]
]]></system-out>
  </testcase>
</testsuite>